<?xml version="1.0" encoding="UTF-8"?>
<robot generator="Robot 6.1.1 (Python 3.10.4 on win32)" generated="20241114 20:29:40.330" rpa="false" schemaversion="4">
<suite id="s1" name="Tests" source="C:\Users\rikun\ohtu_palautusrepositorio\viikko3\hello-robot\src\tests">
<suite id="s1-s1" name="Increase Counter" source="C:\Users\rikun\ohtu_palautusrepositorio\viikko3\hello-robot\src\tests\increase_counter.robot">
<test id="s1-s1-t1" name="Increase Counter Once" line="5">
<kw name="Counter Value Should Be" library="CounterLibrary">
<arg>0</arg>
<status status="PASS" starttime="20241114 20:29:40.364" endtime="20241114 20:29:40.364"/>
</kw>
<kw name="Increase Counter" library="CounterLibrary">
<status status="PASS" starttime="20241114 20:29:40.364" endtime="20241114 20:29:40.364"/>
</kw>
<kw name="Counter Value Should Be" library="CounterLibrary">
<arg>1</arg>
<status status="PASS" starttime="20241114 20:29:40.365" endtime="20241114 20:29:40.365"/>
</kw>
<status status="PASS" starttime="20241114 20:29:40.363" endtime="20241114 20:29:40.365"/>
</test>
<test id="s1-s1-t2" name="Increase Counter Many Times" line="10">
<kw name="Counter Value Should Be" library="CounterLibrary">
<arg>0</arg>
<status status="PASS" starttime="20241114 20:29:40.366" endtime="20241114 20:29:40.367"/>
</kw>
<kw name="Increase Counter" library="CounterLibrary">
<status status="PASS" starttime="20241114 20:29:40.367" endtime="20241114 20:29:40.367"/>
</kw>
<kw name="Increase Counter" library="CounterLibrary">
<status status="PASS" starttime="20241114 20:29:40.367" endtime="20241114 20:29:40.367"/>
</kw>
<kw name="Increase Counter" library="CounterLibrary">
<status status="PASS" starttime="20241114 20:29:40.367" endtime="20241114 20:29:40.367"/>
</kw>
<kw name="Counter Value Should Be" library="CounterLibrary">
<arg>3</arg>
<status status="PASS" starttime="20241114 20:29:40.368" endtime="20241114 20:29:40.368"/>
</kw>
<status status="PASS" starttime="20241114 20:29:40.366" endtime="20241114 20:29:40.368"/>
</test>
<test id="s1-s1-t3" name="Increment Counter By Amount" line="17">
<kw name="Counter Value Should Be" library="CounterLibrary">
<arg>0</arg>
<status status="PASS" starttime="20241114 20:29:40.369" endtime="20241114 20:29:40.369"/>
</kw>
<kw name="Increment Counter By" library="CounterLibrary">
<arg>5</arg>
<status status="PASS" starttime="20241114 20:29:40.370" endtime="20241114 20:29:40.370"/>
</kw>
<kw name="Counter Value Should Be" library="CounterLibrary">
<arg>5</arg>
<status status="PASS" starttime="20241114 20:29:40.370" endtime="20241114 20:29:40.370"/>
</kw>
<status status="PASS" starttime="20241114 20:29:40.369" endtime="20241114 20:29:40.371"/>
</test>
<test id="s1-s1-t4" name="Reset Counter After One Increment" line="22">
<kw name="Counter Value Should Be" library="CounterLibrary">
<arg>0</arg>
<status status="PASS" starttime="20241114 20:29:40.372" endtime="20241114 20:29:40.372"/>
</kw>
<kw name="Increase Counter" library="CounterLibrary">
<status status="PASS" starttime="20241114 20:29:40.372" endtime="20241114 20:29:40.372"/>
</kw>
<kw name="Counter Value Should Be" library="CounterLibrary">
<arg>1</arg>
<status status="PASS" starttime="20241114 20:29:40.372" endtime="20241114 20:29:40.373"/>
</kw>
<kw name="Reset Counter" library="CounterLibrary">
<status status="PASS" starttime="20241114 20:29:40.373" endtime="20241114 20:29:40.373"/>
</kw>
<kw name="Counter Value Should Be" library="CounterLibrary">
<arg>0</arg>
<status status="PASS" starttime="20241114 20:29:40.373" endtime="20241114 20:29:40.373"/>
</kw>
<status status="PASS" starttime="20241114 20:29:40.371" endtime="20241114 20:29:40.373"/>
</test>
<test id="s1-s1-t5" name="Reset Counter After Several Increments" line="29">
<kw name="Counter Value Should Be" library="CounterLibrary">
<arg>0</arg>
<status status="PASS" starttime="20241114 20:29:40.374" endtime="20241114 20:29:40.374"/>
</kw>
<kw name="Increment Counter By" library="CounterLibrary">
<arg>5</arg>
<status status="PASS" starttime="20241114 20:29:40.375" endtime="20241114 20:29:40.375"/>
</kw>
<kw name="Counter Value Should Be" library="CounterLibrary">
<arg>5</arg>
<status status="PASS" starttime="20241114 20:29:40.375" endtime="20241114 20:29:40.375"/>
</kw>
<kw name="Reset Counter" library="CounterLibrary">
<status status="PASS" starttime="20241114 20:29:40.375" endtime="20241114 20:29:40.375"/>
</kw>
<kw name="Counter Value Should Be" library="CounterLibrary">
<arg>0</arg>
<status status="PASS" starttime="20241114 20:29:40.376" endtime="20241114 20:29:40.376"/>
</kw>
<status status="PASS" starttime="20241114 20:29:40.374" endtime="20241114 20:29:40.376"/>
</test>
<status status="PASS" starttime="20241114 20:29:40.357" endtime="20241114 20:29:40.377"/>
</suite>
<status status="PASS" starttime="20241114 20:29:40.332" endtime="20241114 20:29:40.378"/>
</suite>
<statistics>
<total>
<stat pass="5" fail="0" skip="0">All Tests</stat>
</total>
<tag>
</tag>
<suite>
<stat pass="5" fail="0" skip="0" id="s1" name="Tests">Tests</stat>
<stat pass="5" fail="0" skip="0" id="s1-s1" name="Increase Counter">Tests.Increase Counter</stat>
</suite>
</statistics>
<errors>
</errors>
</robot>
