<?xml version="1.0" encoding="UTF-8"?>
<robot generator="Robot 6.1.1 (Python 3.10.4 on win32)" generated="20241115 20:28:44.859" rpa="false" schemaversion="4">
<suite id="s1" name="Home" source="C:\Users\rikun\ohtu_palautusrepositorio\viikko3\web-login\src\tests\home.robot">
<kw name="Open And Configure Browser" library="resource" type="SETUP">
<if>
<branch type="IF" condition="$BROWSER == 'chrome'">
<kw name="Evaluate" library="BuiltIn">
<var>${options}</var>
<arg>sys.modules['selenium.webdriver'].ChromeOptions()</arg>
<arg>sys</arg>
<doc>Evaluates the given expression in Python and returns the result.</doc>
<msg timestamp="20241115 20:28:45.262" level="INFO">${options} = &lt;selenium.webdriver.chrome.options.Options object at 0x0000028D07AE7460&gt;</msg>
<status status="PASS" starttime="20241115 20:28:45.261" endtime="20241115 20:28:45.262"/>
</kw>
<status status="PASS" starttime="20241115 20:28:45.247" endtime="20241115 20:28:45.262"/>
</branch>
<branch type="ELSE IF" condition="$BROWSER == 'firefox'">
<kw name="Evaluate" library="BuiltIn">
<var>${options}</var>
<arg>sys.modules['selenium.webdriver'].FirefoxOptions()</arg>
<arg>sys</arg>
<doc>Evaluates the given expression in Python and returns the result.</doc>
<status status="NOT RUN" starttime="20241115 20:28:45.262" endtime="20241115 20:28:45.262"/>
</kw>
<status status="NOT RUN" starttime="20241115 20:28:45.262" endtime="20241115 20:28:45.262"/>
</branch>
<status status="PASS" starttime="20241115 20:28:45.247" endtime="20241115 20:28:45.262"/>
</if>
<if>
<branch type="IF" condition="$HEADLESS == 'true'">
<kw name="Set Selenium Speed" library="SeleniumLibrary">
<arg>0</arg>
<doc>Sets the delay that is waited after each Selenium command.</doc>
<status status="NOT RUN" starttime="20241115 20:28:45.262" endtime="20241115 20:28:45.262"/>
</kw>
<kw name="Call Method" library="BuiltIn">
<arg>${options}</arg>
<arg>add_argument</arg>
<arg>--headless</arg>
<doc>Calls the named method of the given object with the provided arguments.</doc>
<status status="NOT RUN" starttime="20241115 20:28:45.262" endtime="20241115 20:28:45.262"/>
</kw>
<status status="NOT RUN" starttime="20241115 20:28:45.262" endtime="20241115 20:28:45.263"/>
</branch>
<branch type="ELSE">
<kw name="Set Selenium Speed" library="SeleniumLibrary">
<arg>${DELAY}</arg>
<doc>Sets the delay that is waited after each Selenium command.</doc>
<status status="PASS" starttime="20241115 20:28:45.263" endtime="20241115 20:28:45.263"/>
</kw>
<status status="PASS" starttime="20241115 20:28:45.263" endtime="20241115 20:28:45.263"/>
</branch>
<status status="PASS" starttime="20241115 20:28:45.262" endtime="20241115 20:28:45.263"/>
</if>
<kw name="Open Browser" library="SeleniumLibrary">
<arg>browser=${BROWSER}</arg>
<arg>options=${options}</arg>
<doc>Opens a new browser instance to the optional ``url``.</doc>
<msg timestamp="20241115 20:28:45.264" level="INFO">Opening browser 'chrome' to base url 'None'.</msg>
<msg timestamp="20241115 20:28:45.674" level="WARN">The chromedriver version (130.0.6723.116) detected in PATH at C:\Users\rikun\Downloads\chromedriver-win64 (1)\chromedriver-win64\chromedriver.exe might not be compatible with the detected chrome version (131.0.6778.70); currently, chromedriver 131.0.6778.69 is recommended for chrome 131.*, so it is advised to delete the driver in PATH and retry</msg>
<status status="PASS" starttime="20241115 20:28:45.263" endtime="20241115 20:28:46.761"/>
</kw>
<status status="PASS" starttime="20241115 20:28:45.247" endtime="20241115 20:28:46.761"/>
</kw>
<test id="s1-t1" name="Click Login Link" line="8">
<kw name="Reset Application And Go To Starting Page" type="SETUP">
<kw name="Reset Application" library="AppLibrary">
<status status="PASS" starttime="20241115 20:28:46.762" endtime="20241115 20:28:48.872"/>
</kw>
<kw name="Go To Starting Page" library="resource">
<kw name="Go To" library="SeleniumLibrary">
<arg>${HOME_URL}</arg>
<doc>Navigates the current browser window to the provided ``url``.</doc>
<msg timestamp="20241115 20:28:48.873" level="INFO">Opening url 'http://localhost:5001'</msg>
<status status="PASS" starttime="20241115 20:28:48.873" endtime="20241115 20:28:49.723"/>
</kw>
<status status="PASS" starttime="20241115 20:28:48.873" endtime="20241115 20:28:49.723"/>
</kw>
<status status="PASS" starttime="20241115 20:28:46.762" endtime="20241115 20:28:49.723"/>
</kw>
<kw name="Click Link" library="SeleniumLibrary">
<arg>Login</arg>
<doc>Clicks a link identified by ``locator``.</doc>
<msg timestamp="20241115 20:28:49.724" level="INFO">Clicking link 'Login'.</msg>
<status status="PASS" starttime="20241115 20:28:49.724" endtime="20241115 20:28:51.342"/>
</kw>
<kw name="Login Page Should Be Open" library="resource">
<kw name="Title Should Be" library="SeleniumLibrary">
<arg>Login</arg>
<doc>Verifies that the current page title equals ``title``.</doc>
<msg timestamp="20241115 20:28:51.854" level="INFO">Page title is 'Login'.</msg>
<status status="PASS" starttime="20241115 20:28:51.343" endtime="20241115 20:28:51.854"/>
</kw>
<status status="PASS" starttime="20241115 20:28:51.342" endtime="20241115 20:28:51.854"/>
</kw>
<status status="PASS" starttime="20241115 20:28:46.761" endtime="20241115 20:28:51.854"/>
</test>
<test id="s1-t2" name="Click Register Link" line="12">
<kw name="Reset Application And Go To Starting Page" type="SETUP">
<kw name="Reset Application" library="AppLibrary">
<status status="PASS" starttime="20241115 20:28:51.856" endtime="20241115 20:28:53.893"/>
</kw>
<kw name="Go To Starting Page" library="resource">
<kw name="Go To" library="SeleniumLibrary">
<arg>${HOME_URL}</arg>
<doc>Navigates the current browser window to the provided ``url``.</doc>
<msg timestamp="20241115 20:28:53.895" level="INFO">Opening url 'http://localhost:5001'</msg>
<status status="PASS" starttime="20241115 20:28:53.894" endtime="20241115 20:28:54.434"/>
</kw>
<status status="PASS" starttime="20241115 20:28:53.894" endtime="20241115 20:28:54.434"/>
</kw>
<status status="PASS" starttime="20241115 20:28:51.856" endtime="20241115 20:28:54.434"/>
</kw>
<kw name="Click Link" library="SeleniumLibrary">
<arg>Register new user</arg>
<doc>Clicks a link identified by ``locator``.</doc>
<msg timestamp="20241115 20:28:54.435" level="INFO">Clicking link 'Register new user'.</msg>
<status status="PASS" starttime="20241115 20:28:54.434" endtime="20241115 20:28:56.037"/>
</kw>
<kw name="Register Page Should Be Open" library="resource">
<kw name="Title Should Be" library="SeleniumLibrary">
<arg>Register</arg>
<doc>Verifies that the current page title equals ``title``.</doc>
<msg timestamp="20241115 20:28:56.549" level="INFO">Page title is 'Register'.</msg>
<status status="PASS" starttime="20241115 20:28:56.038" endtime="20241115 20:28:56.549"/>
</kw>
<status status="PASS" starttime="20241115 20:28:56.037" endtime="20241115 20:28:56.549"/>
</kw>
<status status="PASS" starttime="20241115 20:28:51.855" endtime="20241115 20:28:56.550"/>
</test>
<kw name="Close Browser" library="SeleniumLibrary" type="TEARDOWN">
<doc>Closes the current browser.</doc>
<status status="PASS" starttime="20241115 20:28:56.552" endtime="20241115 20:28:59.120"/>
</kw>
<status status="PASS" starttime="20241115 20:28:44.862" endtime="20241115 20:28:59.120"/>
</suite>
<statistics>
<total>
<stat pass="2" fail="0" skip="0">All Tests</stat>
</total>
<tag>
</tag>
<suite>
<stat pass="2" fail="0" skip="0" id="s1" name="Home">Home</stat>
</suite>
</statistics>
<errors>
<msg timestamp="20241115 20:28:45.674" level="WARN">The chromedriver version (130.0.6723.116) detected in PATH at C:\Users\rikun\Downloads\chromedriver-win64 (1)\chromedriver-win64\chromedriver.exe might not be compatible with the detected chrome version (131.0.6778.70); currently, chromedriver 131.0.6778.69 is recommended for chrome 131.*, so it is advised to delete the driver in PATH and retry</msg>
</errors>
</robot>
